<?xml version="1.0" encoding="UTF-8" ?>
<testsuite failures="0" time="2.101" errors="0" skipped="0" tests="0" name="TestSuite">
  <properties>
    <property name="java.runtime.name" value="Java(TM) SE Runtime Environment"/>
    <property name="sun.boot.library.path" value="/home/sajith/apps/jdk1.6.0_26/jre/lib/i386"/>
    <property name="java.vm.version" value="20.1-b02"/>
    <property name="java.vm.vendor" value="Sun Microsystems Inc."/>
    <property name="java.vendor.url" value="http://java.sun.com/"/>
    <property name="path.separator" value=":"/>
    <property name="java.vm.name" value="Java HotSpot(TM) Server VM"/>
    <property name="file.encoding.pkg" value="sun.io"/>
    <property name="user.country" value="IN"/>
    <property name="sun.java.launcher" value="SUN_STANDARD"/>
    <property name="sun.os.patch.level" value="unknown"/>
    <property name="java.vm.specification.name" value="Java Virtual Machine Specification"/>
    <property name="user.dir" value="/home/sajith/projects/github/adX/adxClient"/>
    <property name="java.runtime.version" value="1.6.0_26-b03"/>
    <property name="java.awt.graphicsenv" value="sun.awt.X11GraphicsEnvironment"/>
    <property name="basedir" value="/home/sajith/projects/github/adX/adxClient"/>
    <property name="java.endorsed.dirs" value="/home/sajith/apps/jdk1.6.0_26/jre/lib/endorsed"/>
    <property name="os.arch" value="i386"/>
    <property name="surefire.real.class.path" value="/home/sajith/projects/github/adX/adxClient/target/surefire/surefirebooter7297190475690984576.jar"/>
    <property name="java.io.tmpdir" value="/tmp"/>
    <property name="line.separator" value="
"/>
    <property name="java.vm.specification.vendor" value="Sun Microsystems Inc."/>
    <property name="os.name" value="Linux"/>
    <property name="sun.jnu.encoding" value="UTF-8"/>
    <property name="java.library.path" value="/home/sajith/apps/jdk1.6.0_26/jre/lib/i386/server:/home/sajith/apps/jdk1.6.0_26/jre/lib/i386:/home/sajith/apps/jdk1.6.0_26/jre/../lib/i386:/usr/java/packages/lib/i386:/lib:/usr/lib"/>
    <property name="surefire.test.class.path" value="/home/sajith/projects/github/adX/adxClient/target/test-classes:/home/sajith/projects/github/adX/adxClient/target/classes:/home/sajith/.m2/repository/junit/junit/3.8.1/junit-3.8.1.jar:/home/sajith/.m2/repository/org/testng/testng/5.14/testng-5.14.jar:/home/sajith/.m2/repository/org/beanshell/bsh/2.0b4/bsh-2.0b4.jar:/home/sajith/.m2/repository/com/google/inject/guice/2.0/guice-2.0.jar:/home/sajith/.m2/repository/aopalliance/aopalliance/1.0/aopalliance-1.0.jar:/home/sajith/.m2/repository/com/beust/jcommander/1.5/jcommander-1.5.jar:"/>
    <property name="java.specification.name" value="Java Platform API Specification"/>
    <property name="java.class.version" value="50.0"/>
    <property name="sun.management.compiler" value="HotSpot Tiered Compilers"/>
    <property name="os.version" value="2.6.32-32-generic"/>
    <property name="user.home" value="/home/sajith"/>
    <property name="user.timezone" value="Asia/Kolkata"/>
    <property name="java.awt.printerjob" value="sun.print.PSPrinterJob"/>
    <property name="file.encoding" value="UTF-8"/>
    <property name="java.specification.version" value="1.6"/>
    <property name="user.name" value="sajith"/>
    <property name="java.class.path" value="/home/sajith/projects/github/adX/adxClient/target/test-classes:/home/sajith/projects/github/adX/adxClient/target/classes:/home/sajith/.m2/repository/junit/junit/3.8.1/junit-3.8.1.jar:/home/sajith/.m2/repository/org/testng/testng/5.14/testng-5.14.jar:/home/sajith/.m2/repository/org/beanshell/bsh/2.0b4/bsh-2.0b4.jar:/home/sajith/.m2/repository/com/google/inject/guice/2.0/guice-2.0.jar:/home/sajith/.m2/repository/aopalliance/aopalliance/1.0/aopalliance-1.0.jar:/home/sajith/.m2/repository/com/beust/jcommander/1.5/jcommander-1.5.jar:"/>
    <property name="java.vm.specification.version" value="1.0"/>
    <property name="sun.arch.data.model" value="32"/>
    <property name="java.home" value="/home/sajith/apps/jdk1.6.0_26/jre"/>
    <property name="sun.java.command" value="/home/sajith/projects/github/adX/adxClient/target/surefire/surefirebooter7297190475690984576.jar /home/sajith/projects/github/adX/adxClient/target/surefire/surefire8015464503687907757tmp /home/sajith/projects/github/adX/adxClient/target/surefire/surefire6475636016210113660tmp"/>
    <property name="java.specification.vendor" value="Sun Microsystems Inc."/>
    <property name="user.language" value="en"/>
    <property name="java.vm.info" value="mixed mode"/>
    <property name="java.version" value="1.6.0_26"/>
    <property name="java.ext.dirs" value="/home/sajith/apps/jdk1.6.0_26/jre/lib/ext:/usr/java/packages/lib/ext"/>
    <property name="sun.boot.class.path" value="/home/sajith/apps/jdk1.6.0_26/jre/lib/resources.jar:/home/sajith/apps/jdk1.6.0_26/jre/lib/rt.jar:/home/sajith/apps/jdk1.6.0_26/jre/lib/sunrsasign.jar:/home/sajith/apps/jdk1.6.0_26/jre/lib/jsse.jar:/home/sajith/apps/jdk1.6.0_26/jre/lib/jce.jar:/home/sajith/apps/jdk1.6.0_26/jre/lib/charsets.jar:/home/sajith/apps/jdk1.6.0_26/jre/lib/modules/jdk.boot.jar:/home/sajith/apps/jdk1.6.0_26/jre/classes"/>
    <property name="java.vendor" value="Sun Microsystems Inc."/>
    <property name="localRepository" value="/home/sajith/.m2/repository"/>
    <property name="file.separator" value="/"/>
    <property name="java.vendor.url.bug" value="http://java.sun.com/cgi-bin/bugreport.cgi"/>
    <property name="sun.cpu.endian" value="little"/>
    <property name="sun.io.unicode.encoding" value="UnicodeLittle"/>
    <property name="sun.desktop" value="gnome"/>
    <property name="sun.cpu.isalist" value=""/>
  </properties>
</testsuite>